0 info it worked if it ends with ok
1 verbose cli [ '/usr/local/bin/node', '/usr/local/bin/npm', 'install' ]
2 info using npm@3.7.3
3 info using node@v5.6.0
4 silly loadCurrentTree Starting
5 silly install loadCurrentTree
6 silly install readLocalPackageData
7 silly install normalizeTree
8 silly loadCurrentTree Finishing
9 silly loadIdealTree Starting
10 silly install loadIdealTree
11 silly cloneCurrentTree Starting
12 silly install cloneCurrentTreeToIdealTree
13 silly cloneCurrentTree Finishing
14 silly loadShrinkwrap Starting
15 silly install loadShrinkwrap
16 silly loadShrinkwrap Finishing
17 silly loadAllDepsIntoIdealTree Starting
18 silly install loadAllDepsIntoIdealTree
19 silly fetchNamedPackageData electron-prebuilt
20 silly mapToRegistry name electron-prebuilt
21 silly mapToRegistry using default registry
22 silly mapToRegistry registry https://registry.npmjs.org/
23 silly mapToRegistry uri https://registry.npmjs.org/electron-prebuilt
24 verbose request uri https://registry.npmjs.org/electron-prebuilt
25 verbose request no auth needed
26 info attempt registry request try #1 at 2:42:08 PM
27 verbose request id aade7796c9fc5313
28 verbose etag "99PZRH4YRCO69VZ9CWXKQLAGQ"
29 http request GET https://registry.npmjs.org/electron-prebuilt
30 info retry will retry, error on last attempt: Error: self signed certificate in certificate chain
31 info attempt registry request try #2 at 2:42:19 PM
32 verbose etag "99PZRH4YRCO69VZ9CWXKQLAGQ"
33 http request GET https://registry.npmjs.org/electron-prebuilt
34 info retry will retry, error on last attempt: Error: self signed certificate in certificate chain
35 info attempt registry request try #3 at 2:43:20 PM
36 verbose etag "99PZRH4YRCO69VZ9CWXKQLAGQ"
37 http request GET https://registry.npmjs.org/electron-prebuilt
38 silly get cb [ 304, undefined ]
39 verbose etag https://registry.npmjs.org/electron-prebuilt from cache
40 verbose get saving electron-prebuilt to /Users/agoddu.16/.npm/registry.npmjs.org/electron-prebuilt/.cache.json
41 verbose correctMkdir /Users/agoddu.16/.npm correctMkdir not in flight; initializing
42 silly fetchPackageMetaData Error: No compatible version found: electron-prebuilt@^0.37.8
42 silly fetchPackageMetaData Valid install targets:
42 silly fetchPackageMetaData 0.37.7, 0.37.6, 0.37.5, 0.37.4, 0.37.3, 0.37.2, 0.37.1, 0.37.0, 0.36.12, 0.36.11, 0.36.10, 0.36.9, 0.36.8, 0.36.7, 0.36.6, 0.36.5, 0.36.4, 0.36.3, 0.36.2, 0.36.1, 0.36.0, 0.35.6, 0.35.5, 0.35.4, 0.35.3, 0.35.2, 0.35.1, 0.35.0, 0.34.5, 0.34.4, 0.34.3, 0.34.2, 0.34.1, 0.34.0, 0.33.9, 0.33.8, 0.33.7, 0.33.6, 0.33.5, 0.33.4, 0.33.3, 0.33.2, 0.33.1, 0.33.0, 0.32.3, 0.32.2, 0.32.1, 0.32.0, 0.31.2, 0.31.1, 0.31.0, 0.30.8, 0.30.7, 0.30.6, 0.30.5, 0.30.4, 0.30.3, 0.30.2, 0.30.1, 0.30.0, 0.29.2, 0.29.1, 0.29.0, 0.28.3, 0.28.2, 0.28.1, 0.28.0, 0.27.3, 0.27.2, 0.27.1, 0.27.0, 0.26.1, 0.26.0, 0.25.3, 0.25.3-2, 0.25.3-1, 0.25.2, 0.25.2-1, 0.25.1, 0.25.1-1, 0.25.0, 0.24.0
42 silly fetchPackageMetaData
42 silly fetchPackageMetaData     at pickVersionFromRegistryDocument (/usr/local/lib/node_modules/npm/lib/fetch-package-metadata.js:156:16)
42 silly fetchPackageMetaData     at /usr/local/lib/node_modules/npm/node_modules/iferr/index.js:13:50
42 silly fetchPackageMetaData     at /usr/local/lib/node_modules/npm/lib/utils/pulse-till-done.js:19:8
42 silly fetchPackageMetaData     at saved (/usr/local/lib/node_modules/npm/lib/cache/caching-client.js:168:7)
42 silly fetchPackageMetaData     at /usr/local/lib/node_modules/npm/node_modules/graceful-fs/polyfills.js:210:7
42 silly fetchPackageMetaData     at FSReqWrap.oncomplete (fs.js:82:15)
42 silly fetchPackageMetaData  error for electron-prebuilt@^0.37.8 [Error: No compatible version found: electron-prebuilt@^0.37.8
42 silly fetchPackageMetaData Valid install targets:
42 silly fetchPackageMetaData 0.37.7, 0.37.6, 0.37.5, 0.37.4, 0.37.3, 0.37.2, 0.37.1, 0.37.0, 0.36.12, 0.36.11, 0.36.10, 0.36.9, 0.36.8, 0.36.7, 0.36.6, 0.36.5, 0.36.4, 0.36.3, 0.36.2, 0.36.1, 0.36.0, 0.35.6, 0.35.5, 0.35.4, 0.35.3, 0.35.2, 0.35.1, 0.35.0, 0.34.5, 0.34.4, 0.34.3, 0.34.2, 0.34.1, 0.34.0, 0.33.9, 0.33.8, 0.33.7, 0.33.6, 0.33.5, 0.33.4, 0.33.3, 0.33.2, 0.33.1, 0.33.0, 0.32.3, 0.32.2, 0.32.1, 0.32.0, 0.31.2, 0.31.1, 0.31.0, 0.30.8, 0.30.7, 0.30.6, 0.30.5, 0.30.4, 0.30.3, 0.30.2, 0.30.1, 0.30.0, 0.29.2, 0.29.1, 0.29.0, 0.28.3, 0.28.2, 0.28.1, 0.28.0, 0.27.3, 0.27.2, 0.27.1, 0.27.0, 0.26.1, 0.26.0, 0.25.3, 0.25.3-2, 0.25.3-1, 0.25.2, 0.25.2-1, 0.25.1, 0.25.1-1, 0.25.0, 0.24.0
42 silly fetchPackageMetaData ]
43 silly rollbackFailedOptional Starting
44 silly rollbackFailedOptional Finishing
45 silly runTopLevelLifecycles Starting
46 silly runTopLevelLifecycles Finishing
47 silly install printInstalled
48 verbose stack Error: No compatible version found: electron-prebuilt@^0.37.8
48 verbose stack Valid install targets:
48 verbose stack 0.37.7, 0.37.6, 0.37.5, 0.37.4, 0.37.3, 0.37.2, 0.37.1, 0.37.0, 0.36.12, 0.36.11, 0.36.10, 0.36.9, 0.36.8, 0.36.7, 0.36.6, 0.36.5, 0.36.4, 0.36.3, 0.36.2, 0.36.1, 0.36.0, 0.35.6, 0.35.5, 0.35.4, 0.35.3, 0.35.2, 0.35.1, 0.35.0, 0.34.5, 0.34.4, 0.34.3, 0.34.2, 0.34.1, 0.34.0, 0.33.9, 0.33.8, 0.33.7, 0.33.6, 0.33.5, 0.33.4, 0.33.3, 0.33.2, 0.33.1, 0.33.0, 0.32.3, 0.32.2, 0.32.1, 0.32.0, 0.31.2, 0.31.1, 0.31.0, 0.30.8, 0.30.7, 0.30.6, 0.30.5, 0.30.4, 0.30.3, 0.30.2, 0.30.1, 0.30.0, 0.29.2, 0.29.1, 0.29.0, 0.28.3, 0.28.2, 0.28.1, 0.28.0, 0.27.3, 0.27.2, 0.27.1, 0.27.0, 0.26.1, 0.26.0, 0.25.3, 0.25.3-2, 0.25.3-1, 0.25.2, 0.25.2-1, 0.25.1, 0.25.1-1, 0.25.0, 0.24.0
48 verbose stack
48 verbose stack     at pickVersionFromRegistryDocument (/usr/local/lib/node_modules/npm/lib/fetch-package-metadata.js:156:16)
48 verbose stack     at /usr/local/lib/node_modules/npm/node_modules/iferr/index.js:13:50
48 verbose stack     at /usr/local/lib/node_modules/npm/lib/utils/pulse-till-done.js:19:8
48 verbose stack     at saved (/usr/local/lib/node_modules/npm/lib/cache/caching-client.js:168:7)
48 verbose stack     at /usr/local/lib/node_modules/npm/node_modules/graceful-fs/polyfills.js:210:7
48 verbose stack     at FSReqWrap.oncomplete (fs.js:82:15)
49 verbose cwd /Users/agoddu.16/Desktop/Projects/Electron/BuildingBlocks
50 error Darwin 15.0.0
51 error argv "/usr/local/bin/node" "/usr/local/bin/npm" "install"
52 error node v5.6.0
53 error npm  v3.7.3
54 error No compatible version found: electron-prebuilt@^0.37.8
54 error Valid install targets:
54 error 0.37.7, 0.37.6, 0.37.5, 0.37.4, 0.37.3, 0.37.2, 0.37.1, 0.37.0, 0.36.12, 0.36.11, 0.36.10, 0.36.9, 0.36.8, 0.36.7, 0.36.6, 0.36.5, 0.36.4, 0.36.3, 0.36.2, 0.36.1, 0.36.0, 0.35.6, 0.35.5, 0.35.4, 0.35.3, 0.35.2, 0.35.1, 0.35.0, 0.34.5, 0.34.4, 0.34.3, 0.34.2, 0.34.1, 0.34.0, 0.33.9, 0.33.8, 0.33.7, 0.33.6, 0.33.5, 0.33.4, 0.33.3, 0.33.2, 0.33.1, 0.33.0, 0.32.3, 0.32.2, 0.32.1, 0.32.0, 0.31.2, 0.31.1, 0.31.0, 0.30.8, 0.30.7, 0.30.6, 0.30.5, 0.30.4, 0.30.3, 0.30.2, 0.30.1, 0.30.0, 0.29.2, 0.29.1, 0.29.0, 0.28.3, 0.28.2, 0.28.1, 0.28.0, 0.27.3, 0.27.2, 0.27.1, 0.27.0, 0.26.1, 0.26.0, 0.25.3, 0.25.3-2, 0.25.3-1, 0.25.2, 0.25.2-1, 0.25.1, 0.25.1-1, 0.25.0, 0.24.0
55 error If you need help, you may report this error at:
55 error     <https://github.com/npm/npm/issues>
56 verbose exit [ 1, true ]
